QuestaSim vlog 10.6c Compiler 2017.07 Jul 25 2017
Start time: 15:20:49 on Jan 23,2026
vlog -sv "+acc" "+cover" "+fcover" -l cov.log top.sv 
** Note: (vlog-2286) top.sv(1): Using implicit +incdir+/tools/mentor/questasim_10.6c/questasim/uvm-1.1d/../verilog_src/uvm-1.1d/src from import uvm_pkg
-- Compiling package dma_pkg
-- Importing package mtiUvm.uvm_pkg (uvm-1.1d Built-in)
** Warning: ** while parsing file included at top.sv(2)
** at dma_topreg_block.sv(28): (vlog-2240) Treating stand-alone use of function 'set_coverage' as an implicit VOID cast.
** Warning: ** while parsing file included at top.sv(2)
** at dma_topreg_block.sv(34): (vlog-2240) Treating stand-alone use of function 'set_coverage' as an implicit VOID cast.
** Warning: ** while parsing file included at top.sv(2)
** at dma_topreg_block.sv(40): (vlog-2240) Treating stand-alone use of function 'set_coverage' as an implicit VOID cast.
** Warning: ** while parsing file included at top.sv(2)
** at dma_topreg_block.sv(46): (vlog-2240) Treating stand-alone use of function 'set_coverage' as an implicit VOID cast.
** Warning: ** while parsing file included at top.sv(2)
** at dma_topreg_block.sv(52): (vlog-2240) Treating stand-alone use of function 'set_coverage' as an implicit VOID cast.
** Warning: ** while parsing file included at top.sv(2)
** at dma_topreg_block.sv(58): (vlog-2240) Treating stand-alone use of function 'set_coverage' as an implicit VOID cast.
** Warning: ** while parsing file included at top.sv(2)
** at dma_topreg_block.sv(64): (vlog-2240) Treating stand-alone use of function 'set_coverage' as an implicit VOID cast.
** Warning: ** while parsing file included at top.sv(2)
** at dma_topreg_block.sv(70): (vlog-2240) Treating stand-alone use of function 'set_coverage' as an implicit VOID cast.
** Warning: ** while parsing file included at top.sv(2)
** at dma_topreg_block.sv(76): (vlog-2240) Treating stand-alone use of function 'set_coverage' as an implicit VOID cast.
** Warning: ** while parsing file included at top.sv(2)
** at dma_topreg_block.sv(82): (vlog-2240) Treating stand-alone use of function 'set_coverage' as an implicit VOID cast.
-- Compiling interface dma_interface
-- Compiling module dma_design_
-- Compiling module top
-- Importing package dma_pkg

Top level modules:
	top
End time: 15:20:50 on Jan 23,2026, Elapsed time: 0:00:01
Errors: 0, Warnings: 10
